<?xml version="1.0" encoding="UTF-8"?>
<!-- Generated by org.testng.reporters.JUnitXMLReporter -->
<testsuite ignored="0" hostname="LAP_pchauhan" failures="1" tests="1" name="Dev Application" time="128.306" errors="0" timestamp="2026-05-11T16:42:16 IST">
  <testcase classname="com.ventoux.qa.test.HomePageChartsTitle_InfoIconText_TEST" name="printAllChartsInfo" time="77.949">
    <failure type="org.openqa.selenium.NoSuchElementException" message="no such element: Unable to locate element: {&amp;quot;method&amp;quot;:&amp;quot;xpath&amp;quot;,&amp;quot;selector&amp;quot;:&amp;quot;(//div[@class=&amp;apos;landingPage-dynamic-charts&amp;apos;])[2]//*[name()=&amp;apos;svg&amp;apos;][@class=&amp;apos;zoom-icon icon-color&amp;apos;]&amp;quot;}
  (Session info: chrome=147.0.7727.138)
For documentation on this error, please visit: https://www.selenium.dev/documentation/webdriver/troubleshooting/errors#no-such-element-exception
Build info: version: &amp;apos;4.27.0&amp;apos;, revision: &amp;apos;d6e718d134&amp;apos;
System info: os.name: &amp;apos;Windows 11&amp;apos;, os.arch: &amp;apos;amd64&amp;apos;, os.version: &amp;apos;10.0&amp;apos;, java.version: &amp;apos;17.0.10&amp;apos;
Driver info: org.openqa.selenium.chrome.ChromeDriver
Command: [a40948e3aaecf22c1a51158f2b90e639, findChildElement {id=f.DECDECB738A1BFBDAF37971AE9ACCBB1.d.C374A3F579A4642562D1C0525CC1F7F5.e.3133, value=(//div[@class=&amp;apos;landingPage-dynamic-charts&amp;apos;])[2]//*[name()=&amp;apos;svg&amp;apos;][@class=&amp;apos;zoom-icon icon-color&amp;apos;], using=xpath}]
Capabilities {acceptInsecureCerts: false, browserName: chrome, browserVersion: 147.0.7727.138, chrome: {chromedriverVersion: 147.0.7727.117 (474cc805edd..., userDataDir: C:\Users\pchauhan\AppData\L...}, fedcm:accounts: true, goog:chromeOptions: {debuggerAddress: localhost:53481}, goog:processID: 33320, networkConnectionEnabled: false, pageLoadStrategy: normal, platformName: windows, proxy: Proxy(), se:cdp: ws://localhost:53481/devtoo..., se:cdpVersion: 147.0.7727.138, setWindowRect: true, strictFileInteractability: false, timeouts: {implicit: 0, pageLoad: 300000, script: 30000}, unhandledPromptBehavior: dismiss and notify, webauthn:extension:credBlob: true, webauthn:extension:largeBlob: true, webauthn:extension:minPinLength: true, webauthn:extension:prf: true, webauthn:virtualAuthenticators: true}
Session ID: a40948e3aaecf22c1a51158f2b90e639">
      <![CDATA[org.openqa.selenium.NoSuchElementException: no such element: Unable to locate element: {"method":"xpath","selector":"(//div[@class='landingPage-dynamic-charts'])[2]//*[name()='svg'][@class='zoom-icon icon-color']"}
  (Session info: chrome=147.0.7727.138)
For documentation on this error, please visit: https://www.selenium.dev/documentation/webdriver/troubleshooting/errors#no-such-element-exception
Build info: version: '4.27.0', revision: 'd6e718d134'
System info: os.name: 'Windows 11', os.arch: 'amd64', os.version: '10.0', java.version: '17.0.10'
Driver info: org.openqa.selenium.chrome.ChromeDriver
Command: [a40948e3aaecf22c1a51158f2b90e639, findChildElement {id=f.DECDECB738A1BFBDAF37971AE9ACCBB1.d.C374A3F579A4642562D1C0525CC1F7F5.e.3133, value=(//div[@class='landingPage-dynamic-charts'])[2]//*[name()='svg'][@class='zoom-icon icon-color'], using=xpath}]
Capabilities {acceptInsecureCerts: false, browserName: chrome, browserVersion: 147.0.7727.138, chrome: {chromedriverVersion: 147.0.7727.117 (474cc805edd..., userDataDir: C:\Users\pchauhan\AppData\L...}, fedcm:accounts: true, goog:chromeOptions: {debuggerAddress: localhost:53481}, goog:processID: 33320, networkConnectionEnabled: false, pageLoadStrategy: normal, platformName: windows, proxy: Proxy(), se:cdp: ws://localhost:53481/devtoo..., se:cdpVersion: 147.0.7727.138, setWindowRect: true, strictFileInteractability: false, timeouts: {implicit: 0, pageLoad: 300000, script: 30000}, unhandledPromptBehavior: dismiss and notify, webauthn:extension:credBlob: true, webauthn:extension:largeBlob: true, webauthn:extension:minPinLength: true, webauthn:extension:prf: true, webauthn:virtualAuthenticators: true}
Session ID: a40948e3aaecf22c1a51158f2b90e639
at org.openqa.selenium.remote.ErrorCodec.decode(ErrorCodec.java:167)
at org.openqa.selenium.remote.codec.w3c.W3CHttpResponseCodec.decode(W3CHttpResponseCodec.java:138)
at org.openqa.selenium.remote.codec.w3c.W3CHttpResponseCodec.decode(W3CHttpResponseCodec.java:50)
at org.openqa.selenium.remote.HttpCommandExecutor.execute(HttpCommandExecutor.java:190)
at org.openqa.selenium.remote.service.DriverCommandExecutor.invokeExecute(DriverCommandExecutor.java:216)
at org.openqa.selenium.remote.service.DriverCommandExecutor.execute(DriverCommandExecutor.java:174)
at org.openqa.selenium.remote.RemoteWebDriver.execute(RemoteWebDriver.java:545)
at org.openqa.selenium.remote.ElementLocation$ElementFinder$2.findElement(ElementLocation.java:165)
at org.openqa.selenium.remote.ElementLocation.findElement(ElementLocation.java:59)
at org.openqa.selenium.remote.RemoteWebDriver.findElement(RemoteWebDriver.java:368)
at org.openqa.selenium.remote.RemoteWebElement.findElement(RemoteWebElement.java:211)
at com.ventoux.qa.pages.HomePageChartsTitle_InfoIconText.getChartDetails(HomePageChartsTitle_InfoIconText.java:88)
at com.ventoux.qa.test.HomePageChartsTitle_InfoIconText_TEST.printAllChartsInfo(HomePageChartsTitle_InfoIconText_TEST.java:54)
at java.base/java.util.ArrayList.forEach(ArrayList.java:1511)
... Removed 32 stack frames]]>
    </failure>
  </testcase> <!-- printAllChartsInfo -->
</testsuite> <!-- Dev Application -->
