<?xml version="1.0" encoding="UTF-8"?>
<!-- Generated by org.testng.reporters.JUnitXMLReporter -->
<testsuite ignored="0" hostname="LAP_pchauhan" failures="0" tests="3" name="Surefire test" time="142.834" errors="0" timestamp="2026-05-11T16:23:20 IST">
  <testcase classname="com.ventoux.qa.test.IdentityAppPortalTest" name="IdentityLogin" time="35.721"/>
  <testcase classname="com.ventoux.qa.test.IdentityLoginTest" name="IdentityLogin" time="35.139"/>
  <testcase classname="com.ventoux.qa.test.TocSelectionPageTest" name="TocPage" time="43.323"/>
</testsuite> <!-- Surefire test -->
