<?xml version="1.0" encoding="UTF-8"?>
<testng-results ignored="0" total="3" passed="3" failed="0" skipped="0">
  <reporter-output>
  </reporter-output>
  <suite started-at="2026-05-11T16:20:57 IST" name="Surefire suite" finished-at="2026-05-11T16:23:20 IST" duration-ms="142834">
    <groups>
    </groups>
    <test started-at="2026-05-11T16:20:57 IST" name="Surefire test" finished-at="2026-05-11T16:23:20 IST" duration-ms="142834">
      <class name="com.ventoux.qa.test.TocSelectionPageTest">
        <test-method is-config="true" signature="setup()[pri:0, instance:com.ventoux.qa.test.TocSelectionPageTest@69930714]" started-at="2026-05-11T16:22:28 IST" name="setup" finished-at="2026-05-11T16:22:36 IST" duration-ms="8085" status="PASS">
          <reporter-output>
          </reporter-output>
        </test-method> <!-- setup -->
        <test-method signature="TocPage()[pri:0, instance:com.ventoux.qa.test.TocSelectionPageTest@69930714]" started-at="2026-05-11T16:22:36 IST" name="TocPage" finished-at="2026-05-11T16:23:20 IST" duration-ms="43323" status="PASS">
          <reporter-output>
          </reporter-output>
        </test-method> <!-- TocPage -->
        <test-method is-config="true" signature="teardown()[pri:0, instance:com.ventoux.qa.test.TocSelectionPageTest@69930714]" started-at="2026-05-11T16:23:20 IST" name="teardown" finished-at="2026-05-11T16:23:20 IST" duration-ms="0" status="PASS">
          <reporter-output>
          </reporter-output>
        </test-method> <!-- teardown -->
      </class> <!-- com.ventoux.qa.test.TocSelectionPageTest -->
      <class name="com.ventoux.qa.test.IdentityAppPortalTest">
        <test-method is-config="true" signature="setup()[pri:0, instance:com.ventoux.qa.test.IdentityAppPortalTest@691a7f8f]" started-at="2026-05-11T16:20:57 IST" name="setup" finished-at="2026-05-11T16:21:09 IST" duration-ms="12007" status="PASS">
          <reporter-output>
          </reporter-output>
        </test-method> <!-- setup -->
        <test-method signature="IdentityLogin()[pri:0, instance:com.ventoux.qa.test.IdentityAppPortalTest@691a7f8f]" started-at="2026-05-11T16:21:09 IST" name="IdentityLogin" finished-at="2026-05-11T16:21:45 IST" duration-ms="35721" status="PASS">
          <reporter-output>
          </reporter-output>
        </test-method> <!-- IdentityLogin -->
        <test-method is-config="true" signature="teardown()[pri:0, instance:com.ventoux.qa.test.IdentityAppPortalTest@691a7f8f]" started-at="2026-05-11T16:21:45 IST" name="teardown" finished-at="2026-05-11T16:21:45 IST" duration-ms="1" status="PASS">
          <reporter-output>
          </reporter-output>
        </test-method> <!-- teardown -->
      </class> <!-- com.ventoux.qa.test.IdentityAppPortalTest -->
      <class name="com.ventoux.qa.test.IdentityLoginTest">
        <test-method is-config="true" signature="setup()[pri:0, instance:com.ventoux.qa.test.IdentityLoginTest@11dc3715]" started-at="2026-05-11T16:21:45 IST" name="setup" finished-at="2026-05-11T16:21:53 IST" duration-ms="8487" status="PASS">
          <reporter-output>
          </reporter-output>
        </test-method> <!-- setup -->
        <test-method signature="IdentityLogin()[pri:0, instance:com.ventoux.qa.test.IdentityLoginTest@11dc3715]" started-at="2026-05-11T16:21:53 IST" name="IdentityLogin" finished-at="2026-05-11T16:22:28 IST" duration-ms="35139" status="PASS">
          <reporter-output>
          </reporter-output>
        </test-method> <!-- IdentityLogin -->
        <test-method is-config="true" signature="teardown()[pri:0, instance:com.ventoux.qa.test.IdentityLoginTest@11dc3715]" started-at="2026-05-11T16:22:28 IST" name="teardown" finished-at="2026-05-11T16:22:28 IST" duration-ms="1" status="PASS">
          <reporter-output>
          </reporter-output>
        </test-method> <!-- teardown -->
      </class> <!-- com.ventoux.qa.test.IdentityLoginTest -->
    </test> <!-- Surefire test -->
  </suite> <!-- Surefire suite -->
</testng-results>
