<?xml version="1.0" encoding="UTF-8"?>
<!-- Generated by org.testng.reporters.JUnitReportReporter -->
<testsuite hostname="LAP_pchauhan" failures="0" tests="1" name="com.ventoux.qa.test.HomePageChartsTitle_InfoIconText_TEST" time="65.192" errors="0" timestamp="2026-05-12T18:27:31 IST" skipped="0">
  <testcase classname="com.ventoux.qa.test.HomePageChartsTitle_InfoIconText_TEST" name="printAllChartsInfo" time="65.192"/>
</testsuite> <!-- com.ventoux.qa.test.HomePageChartsTitle_InfoIconText_TEST -->
